build/app/intermediates/manifest_merge_blame_file/release/manifest-merger-blame-release-report.txt
1<?xml version="1.0" encoding="utf-8"?>
2<manifest xmlns:android="http://schemas.android.com/apk/res/android"
3    package="com.ask_me"
4    android:versionCode="4001"
5    android:versionName="1.0.0" >
6
7    <uses-sdk
8        android:minSdkVersion="21"
8-->src/main/AndroidManifest.xml
9        android:targetSdkVersion="33" />
9-->src/main/AndroidManifest.xml
10
11    <uses-permission android:name="android.permission.RECORD_AUDIO" />
11-->src/main/AndroidManifest.xml:3:5-70
11-->src/main/AndroidManifest.xml:3:22-68
12    <uses-permission android:name="android.permission.INTERNET" />
12-->src/main/AndroidManifest.xml:4:5-66
12-->src/main/AndroidManifest.xml:4:22-64
13    <uses-permission android:name="android.permission.BLUETOOTH" />
13-->src/main/AndroidManifest.xml:5:5-67
13-->src/main/AndroidManifest.xml:5:22-65
14    <uses-permission android:name="android.permission.BLUETOOTH_ADMIN" />
14-->src/main/AndroidManifest.xml:6:5-73
14-->src/main/AndroidManifest.xml:6:22-71
15    <uses-permission android:name="android.permission.BLUETOOTH_CONNECT" />
15-->src/main/AndroidManifest.xml:7:5-75
15-->src/main/AndroidManifest.xml:7:22-73
16    <uses-permission android:name="android.permission.CAMERA" />
16-->src/main/AndroidManifest.xml:8:5-65
16-->src/main/AndroidManifest.xml:8:22-62
17    <uses-permission android:name="android.permission.ACCESS_WIFI_STATE" />
17-->src/main/AndroidManifest.xml:9:5-76
17-->src/main/AndroidManifest.xml:9:22-73
18    <uses-permission android:name="android.permission.ACCESS_NETWORK_STATE" />
18-->src/main/AndroidManifest.xml:10:5-79
18-->src/main/AndroidManifest.xml:10:22-76
19    <uses-permission android:name="android.permission.READ_EXTERNAL_STORAGE" />
19-->src/main/AndroidManifest.xml:11:5-80
19-->src/main/AndroidManifest.xml:11:22-77
20    <uses-permission android:name="android.permission.WRITE_EXTERNAL_STORAGE" />
20-->src/main/AndroidManifest.xml:12:5-81
20-->src/main/AndroidManifest.xml:12:22-78
21
22    <queries>
22-->src/main/AndroidManifest.xml:13:5-17:15
23        <intent>
23-->src/main/AndroidManifest.xml:14:9-16:18
24            <action android:name="android.speech.RecognitionService" />
24-->src/main/AndroidManifest.xml:15:13-72
24-->src/main/AndroidManifest.xml:15:21-69
25        </intent>
26    </queries>
27    <queries>
27-->src/main/AndroidManifest.xml:13:5-17:15
28        <intent>
28-->src/main/AndroidManifest.xml:19:5-21:14
29            <action android:name="android.intent.action.TTS_SERVICE" />
29-->src/main/AndroidManifest.xml:20:9-68
29-->src/main/AndroidManifest.xml:20:17-65
30        </intent>
31    </queries>
32
33    <application
34        android:name="android.app.Application"
34-->src/main/AndroidManifest.xml:25:9-42
35        android:allowBackup="true"
35-->src/main/AndroidManifest.xml:29:9-35
36        android:appComponentFactory="androidx.core.app.CoreComponentFactory"
36-->[androidx.core:core:1.8.0] AndroidManifest.xml:24:18-86
37        android:exported="true"
37-->src/main/AndroidManifest.xml:28:9-32
38        android:icon="@mipmap/agrid_logo"
38-->src/main/AndroidManifest.xml:30:9-42
39        android:label="ask_me"
39-->src/main/AndroidManifest.xml:24:9-31
40        android:requestLegacyExternalStorage="true"
40-->src/main/AndroidManifest.xml:27:9-52
41        android:usesCleartextTraffic="true" >
41-->src/main/AndroidManifest.xml:26:9-44
42        <activity
42-->src/main/AndroidManifest.xml:31:9-51:20
43            android:name="com.ask_me.MainActivity"
43-->src/main/AndroidManifest.xml:32:13-41
44            android:configChanges="orientation|keyboardHidden|keyboard|screenSize|smallestScreenSize|locale|layoutDirection|fontScale|screenLayout|density|uiMode"
44-->src/main/AndroidManifest.xml:36:13-163
45            android:exported="true"
45-->src/main/AndroidManifest.xml:33:13-36
46            android:hardwareAccelerated="true"
46-->src/main/AndroidManifest.xml:37:13-47
47            android:launchMode="singleTop"
47-->src/main/AndroidManifest.xml:34:13-43
48            android:theme="@style/LaunchTheme"
48-->src/main/AndroidManifest.xml:35:13-47
49            android:windowSoftInputMode="adjustResize" >
49-->src/main/AndroidManifest.xml:38:13-55
50
51            <!--
52                 Specifies an Android theme to apply to this Activity as soon as
53                 the Android process has started. This theme is visible to the user
54                 while the Flutter UI initializes. After that, this theme continues
55                 to determine the Window background behind the Flutter UI.
56            -->
57            <meta-data
57-->src/main/AndroidManifest.xml:43:13-46:17
58                android:name="io.flutter.embedding.android.NormalTheme"
58-->src/main/AndroidManifest.xml:44:15-70
59                android:resource="@style/NormalTheme" />
59-->src/main/AndroidManifest.xml:45:15-52
60
61            <intent-filter>
61-->src/main/AndroidManifest.xml:47:13-50:29
62                <action android:name="android.intent.action.MAIN" />
62-->src/main/AndroidManifest.xml:48:17-68
62-->src/main/AndroidManifest.xml:48:25-66
63
64                <category android:name="android.intent.category.LAUNCHER" />
64-->src/main/AndroidManifest.xml:49:17-76
64-->src/main/AndroidManifest.xml:49:27-74
65            </intent-filter>
66        </activity>
67        <!--
68             Don't delete the meta-data below.
69             This is used by the Flutter tool to generate GeneratedPluginRegistrant.java
70        -->
71        <meta-data
71-->src/main/AndroidManifest.xml:54:9-56:33
72            android:name="flutterEmbedding"
72-->src/main/AndroidManifest.xml:55:13-44
73            android:value="2" />
73-->src/main/AndroidManifest.xml:56:13-30
74
75        <uses-library
75-->[androidx.window:window:1.0.0-beta04] AndroidManifest.xml:25:9-27:40
76            android:name="androidx.window.extensions"
76-->[androidx.window:window:1.0.0-beta04] AndroidManifest.xml:26:13-54
77            android:required="false" />
77-->[androidx.window:window:1.0.0-beta04] AndroidManifest.xml:27:13-37
78        <uses-library
78-->[androidx.window:window:1.0.0-beta04] AndroidManifest.xml:28:9-30:40
79            android:name="androidx.window.sidecar"
79-->[androidx.window:window:1.0.0-beta04] AndroidManifest.xml:29:13-51
80            android:required="false" />
80-->[androidx.window:window:1.0.0-beta04] AndroidManifest.xml:30:13-37
81    </application>
82
83</manifest>